<?xml version="1.0" encoding="UTF-8"?>
<testsuites>
  <testsuite name="C:\Users\ahmad\Herd\ZenithaLMS\phpunit.xml" tests="143" assertions="849" errors="0" failures="0" skipped="0" time="76.137673">
    <testsuite name="Unit" tests="16" assertions="34" errors="0" failures="0" skipped="0" time="1.914367">
      <testsuite name="Tests\Unit\CouponDiscountRegressionTest" file="C:\Users\ahmad\Herd\ZenithaLMS\tests\Unit\CouponDiscountRegressionTest.php" tests="4" assertions="12" errors="0" failures="0" skipped="0" time="0.596372">
        <testcase name="test_calculate_coupon_discount_valid_coupon_returns_correct_structure" file="C:\Users\ahmad\Herd\ZenithaLMS\tests\Unit\CouponDiscountRegressionTest.php" line="21" class="Tests\Unit\CouponDiscountRegressionTest" classname="Tests.Unit.CouponDiscountRegressionTest" assertions="5" time="0.496403"/>
        <testcase name="test_calculate_coupon_discount_invalid_coupon_returns_original_amount" file="C:\Users\ahmad\Herd\ZenithaLMS\tests\Unit\CouponDiscountRegressionTest.php" line="40" class="Tests\Unit\CouponDiscountRegressionTest" classname="Tests.Unit.CouponDiscountRegressionTest" assertions="3" time="0.031193"/>
        <testcase name="test_calculate_coupon_discount_fixed_amount" file="C:\Users\ahmad\Herd\ZenithaLMS\tests\Unit\CouponDiscountRegressionTest.php" line="57" class="Tests\Unit\CouponDiscountRegressionTest" classname="Tests.Unit.CouponDiscountRegressionTest" assertions="3" time="0.034111"/>
        <testcase name="test_no_duplicate_method_names_in_api_controller" file="C:\Users\ahmad\Herd\ZenithaLMS\tests\Unit\CouponDiscountRegressionTest.php" line="74" class="Tests\Unit\CouponDiscountRegressionTest" classname="Tests.Unit.CouponDiscountRegressionTest" assertions="1" time="0.034665"/>
      </testsuite>
      <testsuite name="Tests\Unit\ExampleTest" file="C:\Users\ahmad\Herd\ZenithaLMS\tests\Unit\ExampleTest.php" tests="1" assertions="1" errors="0" failures="0" skipped="0" time="0.039128">
        <testcase name="test_that_true_is_true" file="C:\Users\ahmad\Herd\ZenithaLMS\tests\Unit\ExampleTest.php" line="12" class="Tests\Unit\ExampleTest" classname="Tests.Unit.ExampleTest" assertions="1" time="0.039128"/>
      </testsuite>
      <testsuite name="Tests\Unit\ProductModeTest" file="C:\Users\ahmad\Herd\ZenithaLMS\tests\Unit\ProductModeTest.php" tests="3" assertions="3" errors="0" failures="0" skipped="0" time="0.103984">
        <testcase name="test_product_mode_returns_standard_by_default" file="C:\Users\ahmad\Herd\ZenithaLMS\tests\Unit\ProductModeTest.php" line="9" class="Tests\Unit\ProductModeTest" classname="Tests.Unit.ProductModeTest" assertions="1" time="0.033665"/>
        <testcase name="test_product_mode_returns_enterprise_when_set" file="C:\Users\ahmad\Herd\ZenithaLMS\tests\Unit\ProductModeTest.php" line="18" class="Tests\Unit\ProductModeTest" classname="Tests.Unit.ProductModeTest" assertions="1" time="0.034668"/>
        <testcase name="test_product_mode_returns_standard_when_explicitly_set" file="C:\Users\ahmad\Herd\ZenithaLMS\tests\Unit\ProductModeTest.php" line="28" class="Tests\Unit\ProductModeTest" classname="Tests.Unit.ProductModeTest" assertions="1" time="0.035651"/>
      </testsuite>
      <testsuite name="Tests\Unit\SettingServiceTest" file="C:\Users\ahmad\Herd\ZenithaLMS\tests\Unit\Unit\SettingServiceTest.php" tests="8" assertions="18" errors="0" failures="0" skipped="0" time="1.174883">
        <testcase name="test_persists_setting" file="C:\Users\ahmad\Herd\ZenithaLMS\tests\Unit\Unit\SettingServiceTest.php" line="22" class="Tests\Unit\SettingServiceTest" classname="Tests.Unit.SettingServiceTest" assertions="1" time="0.728200"/>
        <testcase name="test_returns_default_when_missing" file="C:\Users\ahmad\Herd\ZenithaLMS\tests\Unit\Unit\SettingServiceTest.php" line="35" class="Tests\Unit\SettingServiceTest" classname="Tests.Unit.SettingServiceTest" assertions="1" time="0.053286"/>
        <testcase name="test_caches_and_invalidates_on_update" file="C:\Users\ahmad\Herd\ZenithaLMS\tests\Unit\Unit\SettingServiceTest.php" line="42" class="Tests\Unit\SettingServiceTest" classname="Tests.Unit.SettingServiceTest" assertions="2" time="0.038380"/>
        <testcase name="test_gets_typed_values" file="C:\Users\ahmad\Herd\ZenithaLMS\tests\Unit\Unit\SettingServiceTest.php" line="57" class="Tests\Unit\SettingServiceTest" classname="Tests.Unit.SettingServiceTest" assertions="4" time="0.043662"/>
        <testcase name="test_gets_all_grouped" file="C:\Users\ahmad\Herd\ZenithaLMS\tests\Unit\Unit\SettingServiceTest.php" line="76" class="Tests\Unit\SettingServiceTest" classname="Tests.Unit.SettingServiceTest" assertions="5" time="0.048129"/>
        <testcase name="test_gets_public_settings_only" file="C:\Users\ahmad\Herd\ZenithaLMS\tests\Unit\Unit\SettingServiceTest.php" line="91" class="Tests\Unit\SettingServiceTest" classname="Tests.Unit.SettingServiceTest" assertions="2" time="0.173345"/>
        <testcase name="test_deletes_setting" file="C:\Users\ahmad\Herd\ZenithaLMS\tests\Unit\Unit\SettingServiceTest.php" line="102" class="Tests\Unit\SettingServiceTest" classname="Tests.Unit.SettingServiceTest" assertions="2" time="0.051422"/>
        <testcase name="test_clear_cache" file="C:\Users\ahmad\Herd\ZenithaLMS\tests\Unit\Unit\SettingServiceTest.php" line="112" class="Tests\Unit\SettingServiceTest" classname="Tests.Unit.SettingServiceTest" assertions="1" time="0.038458"/>
      </testsuite>
    </testsuite>
    <testsuite name="Feature" tests="127" assertions="815" errors="0" failures="0" skipped="0" time="74.223306">
      <testsuite name="Tests\Feature\Auth\AuthenticationTest" file="C:\Users\ahmad\Herd\ZenithaLMS\tests\Feature\Auth\AuthenticationTest.php" tests="5" assertions="10" errors="0" failures="0" skipped="0" time="0.781533">
        <testcase name="test_login_screen_can_be_rendered" file="C:\Users\ahmad\Herd\ZenithaLMS\tests\Feature\Auth\AuthenticationTest.php" line="13" class="Tests\Feature\Auth\AuthenticationTest" classname="Tests.Feature.Auth.AuthenticationTest" assertions="1" time="0.198654"/>
        <testcase name="test_users_can_authenticate_using_the_login_screen" file="C:\Users\ahmad\Herd\ZenithaLMS\tests\Feature\Auth\AuthenticationTest.php" line="20" class="Tests\Feature\Auth\AuthenticationTest" classname="Tests.Feature.Auth.AuthenticationTest" assertions="3" time="0.144676"/>
        <testcase name="test_users_can_not_authenticate_with_invalid_password" file="C:\Users\ahmad\Herd\ZenithaLMS\tests\Feature\Auth\AuthenticationTest.php" line="33" class="Tests\Feature\Auth\AuthenticationTest" classname="Tests.Feature.Auth.AuthenticationTest" assertions="1" time="0.256571"/>
        <testcase name="test_users_can_logout" file="C:\Users\ahmad\Herd\ZenithaLMS\tests\Feature\Auth\AuthenticationTest.php" line="45" class="Tests\Feature\Auth\AuthenticationTest" classname="Tests.Feature.Auth.AuthenticationTest" assertions="3" time="0.051889"/>
        <testcase name="test_dashboard_redirects_based_on_user_role" file="C:\Users\ahmad\Herd\ZenithaLMS\tests\Feature\Auth\AuthenticationTest.php" line="55" class="Tests\Feature\Auth\AuthenticationTest" classname="Tests.Feature.Auth.AuthenticationTest" assertions="2" time="0.129744"/>
      </testsuite>
      <testsuite name="Tests\Feature\Auth\EmailVerificationTest" file="C:\Users\ahmad\Herd\ZenithaLMS\tests\Feature\Auth\EmailVerificationTest.php" tests="3" assertions="6" errors="0" failures="0" skipped="0" time="1.174967">
        <testcase name="test_email_verification_screen_can_be_rendered" file="C:\Users\ahmad\Herd\ZenithaLMS\tests\Feature\Auth\EmailVerificationTest.php" line="16" class="Tests\Feature\Auth\EmailVerificationTest" classname="Tests.Feature.Auth.EmailVerificationTest" assertions="1" time="0.685836"/>
        <testcase name="test_email_can_be_verified" file="C:\Users\ahmad\Herd\ZenithaLMS\tests\Feature\Auth\EmailVerificationTest.php" line="25" class="Tests\Feature\Auth\EmailVerificationTest" classname="Tests.Feature.Auth.EmailVerificationTest" assertions="4" time="0.181996"/>
        <testcase name="test_email_is_not_verified_with_invalid_hash" file="C:\Users\ahmad\Herd\ZenithaLMS\tests\Feature\Auth\EmailVerificationTest.php" line="44" class="Tests\Feature\Auth\EmailVerificationTest" classname="Tests.Feature.Auth.EmailVerificationTest" assertions="1" time="0.307136"/>
      </testsuite>
      <testsuite name="Tests\Feature\Auth\PasswordConfirmationTest" file="C:\Users\ahmad\Herd\ZenithaLMS\tests\Feature\Auth\PasswordConfirmationTest.php" tests="3" assertions="4" errors="0" failures="0" skipped="0" time="3.207882">
        <testcase name="test_confirm_password_screen_can_be_rendered" file="C:\Users\ahmad\Herd\ZenithaLMS\tests\Feature\Auth\PasswordConfirmationTest.php" line="13" class="Tests\Feature\Auth\PasswordConfirmationTest" classname="Tests.Feature.Auth.PasswordConfirmationTest" assertions="1" time="2.934040"/>
        <testcase name="test_password_can_be_confirmed" file="C:\Users\ahmad\Herd\ZenithaLMS\tests\Feature\Auth\PasswordConfirmationTest.php" line="22" class="Tests\Feature\Auth\PasswordConfirmationTest" classname="Tests.Feature.Auth.PasswordConfirmationTest" assertions="2" time="0.038304"/>
        <testcase name="test_password_is_not_confirmed_with_invalid_password" file="C:\Users\ahmad\Herd\ZenithaLMS\tests\Feature\Auth\PasswordConfirmationTest.php" line="34" class="Tests\Feature\Auth\PasswordConfirmationTest" classname="Tests.Feature.Auth.PasswordConfirmationTest" assertions="1" time="0.235538"/>
      </testsuite>
      <testsuite name="Tests\Feature\Auth\PasswordResetTest" file="C:\Users\ahmad\Herd\ZenithaLMS\tests\Feature\Auth\PasswordResetTest.php" tests="4" assertions="8" errors="0" failures="0" skipped="0" time="3.596158">
        <testcase name="test_reset_password_link_screen_can_be_rendered" file="C:\Users\ahmad\Herd\ZenithaLMS\tests\Feature\Auth\PasswordResetTest.php" line="15" class="Tests\Feature\Auth\PasswordResetTest" classname="Tests.Feature.Auth.PasswordResetTest" assertions="1" time="0.056499"/>
        <testcase name="test_reset_password_link_can_be_requested" file="C:\Users\ahmad\Herd\ZenithaLMS\tests\Feature\Auth\PasswordResetTest.php" line="22" class="Tests\Feature\Auth\PasswordResetTest" classname="Tests.Feature.Auth.PasswordResetTest" assertions="1" time="0.253642"/>
        <testcase name="test_reset_password_screen_can_be_rendered" file="C:\Users\ahmad\Herd\ZenithaLMS\tests\Feature\Auth\PasswordResetTest.php" line="33" class="Tests\Feature\Auth\PasswordResetTest" classname="Tests.Feature.Auth.PasswordResetTest" assertions="2" time="2.996388"/>
        <testcase name="test_password_can_be_reset_with_valid_token" file="C:\Users\ahmad\Herd\ZenithaLMS\tests\Feature\Auth\PasswordResetTest.php" line="50" class="Tests\Feature\Auth\PasswordResetTest" classname="Tests.Feature.Auth.PasswordResetTest" assertions="4" time="0.289629"/>
      </testsuite>
      <testsuite name="Tests\Feature\Auth\PasswordUpdateTest" file="C:\Users\ahmad\Herd\ZenithaLMS\tests\Feature\Auth\PasswordUpdateTest.php" tests="2" assertions="8" errors="0" failures="0" skipped="0" time="0.091623">
        <testcase name="test_password_can_be_updated" file="C:\Users\ahmad\Herd\ZenithaLMS\tests\Feature\Auth\PasswordUpdateTest.php" line="14" class="Tests\Feature\Auth\PasswordUpdateTest" classname="Tests.Feature.Auth.PasswordUpdateTest" assertions="4" time="0.052463"/>
        <testcase name="test_correct_password_must_be_provided_to_update_password" file="C:\Users\ahmad\Herd\ZenithaLMS\tests\Feature\Auth\PasswordUpdateTest.php" line="34" class="Tests\Feature\Auth\PasswordUpdateTest" classname="Tests.Feature.Auth.PasswordUpdateTest" assertions="4" time="0.039160"/>
      </testsuite>
      <testsuite name="Tests\Feature\Auth\RegistrationTest" file="C:\Users\ahmad\Herd\ZenithaLMS\tests\Feature\Auth\RegistrationTest.php" tests="2" assertions="4" errors="0" failures="0" skipped="0" time="0.094182">
        <testcase name="test_registration_screen_can_be_rendered" file="C:\Users\ahmad\Herd\ZenithaLMS\tests\Feature\Auth\RegistrationTest.php" line="12" class="Tests\Feature\Auth\RegistrationTest" classname="Tests.Feature.Auth.RegistrationTest" assertions="1" time="0.054391"/>
        <testcase name="test_new_users_can_register" file="C:\Users\ahmad\Herd\ZenithaLMS\tests\Feature\Auth\RegistrationTest.php" line="19" class="Tests\Feature\Auth\RegistrationTest" classname="Tests.Feature.Auth.RegistrationTest" assertions="3" time="0.039792"/>
      </testsuite>
      <testsuite name="Tests\Feature\BlogAuthorizationTest" file="C:\Users\ahmad\Herd\ZenithaLMS\tests\Feature\BlogAuthorizationTest.php" tests="7" assertions="13" errors="0" failures="0" skipped="0" time="0.373023">
        <testcase name="test_unauthorized_user_cannot_update_others_blog" file="C:\Users\ahmad\Herd\ZenithaLMS\tests\Feature\BlogAuthorizationTest.php" line="23" class="Tests\Feature\BlogAuthorizationTest" classname="Tests.Feature.BlogAuthorizationTest" assertions="2" time="0.068293"/>
        <testcase name="test_unauthorized_user_cannot_delete_others_blog" file="C:\Users\ahmad\Herd\ZenithaLMS\tests\Feature\BlogAuthorizationTest.php" line="49" class="Tests\Feature\BlogAuthorizationTest" classname="Tests.Feature.BlogAuthorizationTest" assertions="2" time="0.044322"/>
        <testcase name="test_unauthorized_user_cannot_edit_others_blog_page" file="C:\Users\ahmad\Herd\ZenithaLMS\tests\Feature\BlogAuthorizationTest.php" line="70" class="Tests\Feature\BlogAuthorizationTest" classname="Tests.Feature.BlogAuthorizationTest" assertions="1" time="0.042848"/>
        <testcase name="test_authorized_user_can_update_own_blog" file="C:\Users\ahmad\Herd\ZenithaLMS\tests\Feature\BlogAuthorizationTest.php" line="88" class="Tests\Feature\BlogAuthorizationTest" classname="Tests.Feature.BlogAuthorizationTest" assertions="2" time="0.043359"/>
        <testcase name="test_authorized_user_can_delete_own_blog" file="C:\Users\ahmad\Herd\ZenithaLMS\tests\Feature\BlogAuthorizationTest.php" line="118" class="Tests\Feature\BlogAuthorizationTest" classname="Tests.Feature.BlogAuthorizationTest" assertions="2" time="0.090429"/>
        <testcase name="test_admin_can_update_any_blog" file="C:\Users\ahmad\Herd\ZenithaLMS\tests\Feature\BlogAuthorizationTest.php" line="138" class="Tests\Feature\BlogAuthorizationTest" classname="Tests.Feature.BlogAuthorizationTest" assertions="2" time="0.038642"/>
        <testcase name="test_admin_can_delete_any_blog" file="C:\Users\ahmad\Herd\ZenithaLMS\tests\Feature\BlogAuthorizationTest.php" line="167" class="Tests\Feature\BlogAuthorizationTest" classname="Tests.Feature.BlogAuthorizationTest" assertions="2" time="0.045130"/>
      </testsuite>
      <testsuite name="Tests\Feature\CourseAuthorizationTest" file="C:\Users\ahmad\Herd\ZenithaLMS\tests\Feature\CourseAuthorizationTest.php" tests="12" assertions="12" errors="0" failures="0" skipped="0" time="0.624425">
        <testcase name="test_course_policy_allows_instructor_to_update_own_course" file="C:\Users\ahmad\Herd\ZenithaLMS\tests\Feature\CourseAuthorizationTest.php" line="23" class="Tests\Feature\CourseAuthorizationTest" classname="Tests.Feature.CourseAuthorizationTest" assertions="1" time="0.055057"/>
        <testcase name="test_course_policy_denies_instructor_from_updating_others_course" file="C:\Users\ahmad\Herd\ZenithaLMS\tests\Feature\CourseAuthorizationTest.php" line="37" class="Tests\Feature\CourseAuthorizationTest" classname="Tests.Feature.CourseAuthorizationTest" assertions="1" time="0.040574"/>
        <testcase name="test_course_policy_allows_admin_to_update_any_course" file="C:\Users\ahmad\Herd\ZenithaLMS\tests\Feature\CourseAuthorizationTest.php" line="52" class="Tests\Feature\CourseAuthorizationTest" classname="Tests.Feature.CourseAuthorizationTest" assertions="1" time="0.035702"/>
        <testcase name="test_course_policy_allows_instructor_to_delete_own_course" file="C:\Users\ahmad\Herd\ZenithaLMS\tests\Feature\CourseAuthorizationTest.php" line="67" class="Tests\Feature\CourseAuthorizationTest" classname="Tests.Feature.CourseAuthorizationTest" assertions="1" time="0.036361"/>
        <testcase name="test_course_policy_denies_instructor_from_deleting_others_course" file="C:\Users\ahmad\Herd\ZenithaLMS\tests\Feature\CourseAuthorizationTest.php" line="81" class="Tests\Feature\CourseAuthorizationTest" classname="Tests.Feature.CourseAuthorizationTest" assertions="1" time="0.042926"/>
        <testcase name="test_course_policy_allows_admin_to_delete_any_course" file="C:\Users\ahmad\Herd\ZenithaLMS\tests\Feature\CourseAuthorizationTest.php" line="96" class="Tests\Feature\CourseAuthorizationTest" classname="Tests.Feature.CourseAuthorizationTest" assertions="1" time="0.198278"/>
        <testcase name="test_course_policy_allows_instructor_to_manage_own_media" file="C:\Users\ahmad\Herd\ZenithaLMS\tests\Feature\CourseAuthorizationTest.php" line="111" class="Tests\Feature\CourseAuthorizationTest" classname="Tests.Feature.CourseAuthorizationTest" assertions="1" time="0.034249"/>
        <testcase name="test_course_policy_denies_instructor_from_managing_others_media" file="C:\Users\ahmad\Herd\ZenithaLMS\tests\Feature\CourseAuthorizationTest.php" line="125" class="Tests\Feature\CourseAuthorizationTest" classname="Tests.Feature.CourseAuthorizationTest" assertions="1" time="0.036118"/>
        <testcase name="test_course_policy_allows_admin_to_manage_any_media" file="C:\Users\ahmad\Herd\ZenithaLMS\tests\Feature\CourseAuthorizationTest.php" line="140" class="Tests\Feature\CourseAuthorizationTest" classname="Tests.Feature.CourseAuthorizationTest" assertions="1" time="0.035549"/>
        <testcase name="test_course_policy_view_published_course_allows_anyone" file="C:\Users\ahmad\Herd\ZenithaLMS\tests\Feature\CourseAuthorizationTest.php" line="155" class="Tests\Feature\CourseAuthorizationTest" classname="Tests.Feature.CourseAuthorizationTest" assertions="1" time="0.033079"/>
        <testcase name="test_course_policy_view_unpublished_course_denies_non_owner" file="C:\Users\ahmad\Herd\ZenithaLMS\tests\Feature\CourseAuthorizationTest.php" line="169" class="Tests\Feature\CourseAuthorizationTest" classname="Tests.Feature.CourseAuthorizationTest" assertions="1" time="0.039567"/>
        <testcase name="test_course_policy_view_unpublished_course_allows_owner" file="C:\Users\ahmad\Herd\ZenithaLMS\tests\Feature\CourseAuthorizationTest.php" line="183" class="Tests\Feature\CourseAuthorizationTest" classname="Tests.Feature.CourseAuthorizationTest" assertions="1" time="0.036965"/>
      </testsuite>
      <testsuite name="Tests\Feature\EbookAuthorizationTest" file="C:\Users\ahmad\Herd\ZenithaLMS\tests\Feature\EbookAuthorizationTest.php" tests="12" assertions="29" errors="0" failures="0" skipped="0" time="19.832862">
        <testcase name="test_unauthorized_user_cannot_update_others_ebook" file="C:\Users\ahmad\Herd\ZenithaLMS\tests\Feature\EbookAuthorizationTest.php" line="69" class="Tests\Feature\EbookAuthorizationTest" classname="Tests.Feature.EbookAuthorizationTest" assertions="3" time="14.876548"/>
        <testcase name="test_unauthorized_user_cannot_delete_others_ebook" file="C:\Users\ahmad\Herd\ZenithaLMS\tests\Feature\EbookAuthorizationTest.php" line="99" class="Tests\Feature\EbookAuthorizationTest" classname="Tests.Feature.EbookAuthorizationTest" assertions="3" time="0.592624"/>
        <testcase name="test_unauthorized_user_cannot_edit_others_ebook_page" file="C:\Users\ahmad\Herd\ZenithaLMS\tests\Feature\EbookAuthorizationTest.php" line="124" class="Tests\Feature\EbookAuthorizationTest" classname="Tests.Feature.EbookAuthorizationTest" assertions="2" time="0.594196"/>
        <testcase name="test_unauthorized_user_cannot_replace_others_ebook_file" file="C:\Users\ahmad\Herd\ZenithaLMS\tests\Feature\EbookAuthorizationTest.php" line="143" class="Tests\Feature\EbookAuthorizationTest" classname="Tests.Feature.EbookAuthorizationTest" assertions="3" time="0.675173"/>
        <testcase name="test_authorized_user_can_update_own_ebook" file="C:\Users\ahmad\Herd\ZenithaLMS\tests\Feature\EbookAuthorizationTest.php" line="178" class="Tests\Feature\EbookAuthorizationTest" classname="Tests.Feature.EbookAuthorizationTest" assertions="3" time="0.678820"/>
        <testcase name="test_admin_can_update_any_ebook" file="C:\Users\ahmad\Herd\ZenithaLMS\tests\Feature\EbookAuthorizationTest.php" line="218" class="Tests\Feature\EbookAuthorizationTest" classname="Tests.Feature.EbookAuthorizationTest" assertions="3" time="0.837430"/>
        <testcase name="test_admin_can_delete_any_ebook" file="C:\Users\ahmad\Herd\ZenithaLMS\tests\Feature\EbookAuthorizationTest.php" line="255" class="Tests\Feature\EbookAuthorizationTest" classname="Tests.Feature.EbookAuthorizationTest" assertions="3" time="0.658243"/>
        <testcase name="test_admin_can_update_any_ebook_via_api" file="C:\Users\ahmad\Herd\ZenithaLMS\tests\Feature\EbookAuthorizationTest.php" line="289" class="Tests\Feature\EbookAuthorizationTest" classname="Tests.Feature.EbookAuthorizationTest" assertions="3" time="0.654870"/>
        <testcase name="test_unauthorized_user_cannot_download_others_ebook_via_api" file="C:\Users\ahmad\Herd\ZenithaLMS\tests\Feature\EbookAuthorizationTest.php" line="330" class="Tests\Feature\EbookAuthorizationTest" classname="Tests.Feature.EbookAuthorizationTest" assertions="1" time="0.063926"/>
        <testcase name="test_authorized_user_can_download_own_ebook_via_api" file="C:\Users\ahmad\Herd\ZenithaLMS\tests\Feature\EbookAuthorizationTest.php" line="354" class="Tests\Feature\EbookAuthorizationTest" classname="Tests.Feature.EbookAuthorizationTest" assertions="2" time="0.071488"/>
        <testcase name="test_admin_can_download_any_ebook_via_api" file="C:\Users\ahmad\Herd\ZenithaLMS\tests\Feature\EbookAuthorizationTest.php" line="386" class="Tests\Feature\EbookAuthorizationTest" classname="Tests.Feature.EbookAuthorizationTest" assertions="2" time="0.071063"/>
        <testcase name="test_unauthenticated_user_cannot_download_ebook_via_api" file="C:\Users\ahmad\Herd\ZenithaLMS\tests\Feature\EbookAuthorizationTest.php" line="419" class="Tests\Feature\EbookAuthorizationTest" classname="Tests.Feature.EbookAuthorizationTest" assertions="1" time="0.058482"/>
      </testsuite>
      <testsuite name="Tests\Feature\EbookUploadSecurityTest" file="C:\Users\ahmad\Herd\ZenithaLMS\tests\Feature\EbookUploadSecurityTest.php" tests="6" assertions="12" errors="0" failures="0" skipped="0" time="0.296208">
        <testcase name="test_ebook_file_rejects_image" file="C:\Users\ahmad\Herd\ZenithaLMS\tests\Feature\EbookUploadSecurityTest.php" line="41" class="Tests\Feature\EbookUploadSecurityTest" classname="Tests.Feature.EbookUploadSecurityTest" assertions="2" time="0.057767"/>
        <testcase name="test_ebook_file_rejects_dangerous_extension" file="C:\Users\ahmad\Herd\ZenithaLMS\tests\Feature\EbookUploadSecurityTest.php" line="69" class="Tests\Feature\EbookUploadSecurityTest" classname="Tests.Feature.EbookUploadSecurityTest" assertions="2" time="0.046241"/>
        <testcase name="test_ebook_file_rejects_oversized_file" file="C:\Users\ahmad\Herd\ZenithaLMS\tests\Feature\EbookUploadSecurityTest.php" line="97" class="Tests\Feature\EbookUploadSecurityTest" classname="Tests.Feature.EbookUploadSecurityTest" assertions="2" time="0.052058"/>
        <testcase name="test_ebook_file_rejects_double_extension" file="C:\Users\ahmad\Herd\ZenithaLMS\tests\Feature\EbookUploadSecurityTest.php" line="125" class="Tests\Feature\EbookUploadSecurityTest" classname="Tests.Feature.EbookUploadSecurityTest" assertions="2" time="0.051768"/>
        <testcase name="test_ebook_file_accepts_pdf_and_creates_record" file="C:\Users\ahmad\Herd\ZenithaLMS\tests\Feature\EbookUploadSecurityTest.php" line="153" class="Tests\Feature\EbookUploadSecurityTest" classname="Tests.Feature.EbookUploadSecurityTest" assertions="2" time="0.050048"/>
        <testcase name="test_ebook_pdf_stored_on_private_disk_and_path_is_relative" file="C:\Users\ahmad\Herd\ZenithaLMS\tests\Feature\EbookUploadSecurityTest.php" line="194" class="Tests\Feature\EbookUploadSecurityTest" classname="Tests.Feature.EbookUploadSecurityTest" assertions="2" time="0.038325"/>
      </testsuite>
      <testsuite name="Tests\Feature\ExampleTest" file="C:\Users\ahmad\Herd\ZenithaLMS\tests\Feature\ExampleTest.php" tests="1" assertions="1" errors="0" failures="0" skipped="0" time="0.041326">
        <testcase name="test_the_application_returns_a_successful_response" file="C:\Users\ahmad\Herd\ZenithaLMS\tests\Feature\ExampleTest.php" line="13" class="Tests\Feature\ExampleTest" classname="Tests.Feature.ExampleTest" assertions="1" time="0.041326"/>
      </testsuite>
      <testsuite name="Tests\Feature\AdminSettingsTest" file="C:\Users\ahmad\Herd\ZenithaLMS\tests\Feature\Feature\AdminSettingsTest.php" tests="8" assertions="20" errors="0" failures="0" skipped="0" time="0.755123">
        <testcase name="test_admin_can_view_settings_page" file="C:\Users\ahmad\Herd\ZenithaLMS\tests\Feature\Feature\AdminSettingsTest.php" line="23" class="Tests\Feature\AdminSettingsTest" classname="Tests.Feature.AdminSettingsTest" assertions="5" time="0.392027"/>
        <testcase name="test_admin_can_update_setting" file="C:\Users\ahmad\Herd\ZenithaLMS\tests\Feature\Feature\AdminSettingsTest.php" line="45" class="Tests\Feature\AdminSettingsTest" classname="Tests.Feature.AdminSettingsTest" assertions="3" time="0.064632"/>
        <testcase name="test_non_admin_forbidden" file="C:\Users\ahmad\Herd\ZenithaLMS\tests\Feature\Feature\AdminSettingsTest.php" line="74" class="Tests\Feature\AdminSettingsTest" classname="Tests.Feature.AdminSettingsTest" assertions="1" time="0.055031"/>
        <testcase name="test_unauthenticated_user_redirected" file="C:\Users\ahmad\Herd\ZenithaLMS\tests\Feature\Feature\AdminSettingsTest.php" line="88" class="Tests\Feature\AdminSettingsTest" classname="Tests.Feature.AdminSettingsTest" assertions="2" time="0.045200"/>
        <testcase name="test_can_update_boolean_setting" file="C:\Users\ahmad\Herd\ZenithaLMS\tests\Feature\Feature\AdminSettingsTest.php" line="95" class="Tests\Feature\AdminSettingsTest" classname="Tests.Feature.AdminSettingsTest" assertions="2" time="0.048148"/>
        <testcase name="test_can_update_integer_setting" file="C:\Users\ahmad\Herd\ZenithaLMS\tests\Feature\Feature\AdminSettingsTest.php" line="123" class="Tests\Feature\AdminSettingsTest" classname="Tests.Feature.AdminSettingsTest" assertions="2" time="0.055220"/>
        <testcase name="test_can_update_json_setting" file="C:\Users\ahmad\Herd\ZenithaLMS\tests\Feature\Feature\AdminSettingsTest.php" line="149" class="Tests\Feature\AdminSettingsTest" classname="Tests.Feature.AdminSettingsTest" assertions="2" time="0.047556"/>
        <testcase name="test_validation_fails_for_invalid_type" file="C:\Users\ahmad\Herd\ZenithaLMS\tests\Feature\Feature\AdminSettingsTest.php" line="178" class="Tests\Feature\AdminSettingsTest" classname="Tests.Feature.AdminSettingsTest" assertions="3" time="0.047309"/>
      </testsuite>
      <testsuite name="Tests\Feature\InstallerTest" file="C:\Users\ahmad\Herd\ZenithaLMS\tests\Feature\InstallerTest.php" tests="7" assertions="43" errors="0" failures="0" skipped="0" time="0.998974">
        <testcase name="test_redirects_to_installer_when_not_installed" file="C:\Users\ahmad\Herd\ZenithaLMS\tests\Feature\InstallerTest.php" line="24" class="Tests\Feature\InstallerTest" classname="Tests.Feature.InstallerTest" assertions="9" time="0.056622"/>
        <testcase name="test_shows_installer_page" file="C:\Users\ahmad\Herd\ZenithaLMS\tests\Feature\InstallerTest.php" line="44" class="Tests\Feature\InstallerTest" classname="Tests.Feature.InstallerTest" assertions="7" time="0.383203"/>
        <testcase name="test_prevents_reinstallation_when_already_installed" file="C:\Users\ahmad\Herd\ZenithaLMS\tests\Feature\InstallerTest.php" line="56" class="Tests\Feature\InstallerTest" classname="Tests.Feature.InstallerTest" assertions="5" time="0.049813"/>
        <testcase name="test_validates_installation_form" file="C:\Users\ahmad\Herd\ZenithaLMS\tests\Feature\InstallerTest.php" line="77" class="Tests\Feature\InstallerTest" classname="Tests.Feature.InstallerTest" assertions="3" time="0.047853"/>
        <testcase name="test_completes_installation_successfully" file="C:\Users\ahmad\Herd\ZenithaLMS\tests\Feature\InstallerTest.php" line="94" class="Tests\Feature\InstallerTest" classname="Tests.Feature.InstallerTest" assertions="12" time="0.149493"/>
        <testcase name="test_blocks_installer_routes_after_installation" file="C:\Users\ahmad\Herd\ZenithaLMS\tests\Feature\InstallerTest.php" line="133" class="Tests\Feature\InstallerTest" classname="Tests.Feature.InstallerTest" assertions="4" time="0.261977"/>
        <testcase name="test_checks_database_connection" file="C:\Users\ahmad\Herd\ZenithaLMS\tests\Feature\InstallerTest.php" line="153" class="Tests\Feature\InstallerTest" classname="Tests.Feature.InstallerTest" assertions="3" time="0.050013"/>
      </testsuite>
      <testsuite name="Tests\Feature\MediaNormalizePathsCommandTest" file="C:\Users\ahmad\Herd\ZenithaLMS\tests\Feature\MediaNormalizePathsCommandTest.php" tests="11" assertions="18" errors="0" failures="0" skipped="0" time="0.562154">
        <testcase name="test_command_normalizes_course_thumbnail_path" file="C:\Users\ahmad\Herd\ZenithaLMS\tests\Feature\MediaNormalizePathsCommandTest.php" line="26" class="Tests\Feature\MediaNormalizePathsCommandTest" classname="Tests.Feature.MediaNormalizePathsCommandTest" assertions="1" time="0.054967"/>
        <testcase name="test_command_normalizes_course_thumbnail_full_url" file="C:\Users\ahmad\Herd\ZenithaLMS\tests\Feature\MediaNormalizePathsCommandTest.php" line="43" class="Tests\Feature\MediaNormalizePathsCommandTest" classname="Tests.Feature.MediaNormalizePathsCommandTest" assertions="1" time="0.050992"/>
        <testcase name="test_command_keeps_external_video_urls" file="C:\Users\ahmad\Herd\ZenithaLMS\tests\Feature\MediaNormalizePathsCommandTest.php" line="60" class="Tests\Feature\MediaNormalizePathsCommandTest" classname="Tests.Feature.MediaNormalizePathsCommandTest" assertions="1" time="0.041286"/>
        <testcase name="test_command_normalizes_local_video_path" file="C:\Users\ahmad\Herd\ZenithaLMS\tests\Feature\MediaNormalizePathsCommandTest.php" line="77" class="Tests\Feature\MediaNormalizePathsCommandTest" classname="Tests.Feature.MediaNormalizePathsCommandTest" assertions="1" time="0.060691"/>
        <testcase name="test_command_normalizes_ebook_thumbnail_path" file="C:\Users\ahmad\Herd\ZenithaLMS\tests\Feature\MediaNormalizePathsCommandTest.php" line="94" class="Tests\Feature\MediaNormalizePathsCommandTest" classname="Tests.Feature.MediaNormalizePathsCommandTest" assertions="1" time="0.048921"/>
        <testcase name="test_command_normalizes_ebook_file_path" file="C:\Users\ahmad\Herd\ZenithaLMS\tests\Feature\MediaNormalizePathsCommandTest.php" line="111" class="Tests\Feature\MediaNormalizePathsCommandTest" classname="Tests.Feature.MediaNormalizePathsCommandTest" assertions="1" time="0.052571"/>
        <testcase name="test_command_normalizes_user_avatar_path" file="C:\Users\ahmad\Herd\ZenithaLMS\tests\Feature\MediaNormalizePathsCommandTest.php" line="128" class="Tests\Feature\MediaNormalizePathsCommandTest" classname="Tests.Feature.MediaNormalizePathsCommandTest" assertions="1" time="0.038337"/>
        <testcase name="test_command_normalizes_user_avatar_full_url" file="C:\Users\ahmad\Herd\ZenithaLMS\tests\Feature\MediaNormalizePathsCommandTest.php" line="145" class="Tests\Feature\MediaNormalizePathsCommandTest" classname="Tests.Feature.MediaNormalizePathsCommandTest" assertions="1" time="0.041923"/>
        <testcase name="test_command_provides_output_report" file="C:\Users\ahmad\Herd\ZenithaLMS\tests\Feature\MediaNormalizePathsCommandTest.php" line="162" class="Tests\Feature\MediaNormalizePathsCommandTest" classname="Tests.Feature.MediaNormalizePathsCommandTest" assertions="5" time="0.068521"/>
        <testcase name="test_command_handles_empty_paths" file="C:\Users\ahmad\Herd\ZenithaLMS\tests\Feature\MediaNormalizePathsCommandTest.php" line="184" class="Tests\Feature\MediaNormalizePathsCommandTest" classname="Tests.Feature.MediaNormalizePathsCommandTest" assertions="1" time="0.056558"/>
        <testcase name="test_command_handles_already_normalized_paths" file="C:\Users\ahmad\Herd\ZenithaLMS\tests\Feature\MediaNormalizePathsCommandTest.php" line="199" class="Tests\Feature\MediaNormalizePathsCommandTest" classname="Tests.Feature.MediaNormalizePathsCommandTest" assertions="4" time="0.047386"/>
      </testsuite>
      <testsuite name="Tests\Feature\ProfileTest" file="C:\Users\ahmad\Herd\ZenithaLMS\tests\Feature\ProfileTest.php" tests="5" assertions="21" errors="0" failures="0" skipped="0" time="10.978569">
        <testcase name="test_profile_page_is_displayed" file="C:\Users\ahmad\Herd\ZenithaLMS\tests\Feature\ProfileTest.php" line="22" class="Tests\Feature\ProfileTest" classname="Tests.Feature.ProfileTest" assertions="1" time="10.802281"/>
        <testcase name="test_profile_information_can_be_updated" file="C:\Users\ahmad\Herd\ZenithaLMS\tests\Feature\ProfileTest.php" line="33" class="Tests\Feature\ProfileTest" classname="Tests.Feature.ProfileTest" assertions="6" time="0.049462"/>
        <testcase name="test_email_verification_status_is_unchanged_when_the_email_address_is_unchanged" file="C:\Users\ahmad\Herd\ZenithaLMS\tests\Feature\ProfileTest.php" line="55" class="Tests\Feature\ProfileTest" classname="Tests.Feature.ProfileTest" assertions="4" time="0.043396"/>
        <testcase name="test_user_can_delete_their_account" file="C:\Users\ahmad\Herd\ZenithaLMS\tests\Feature\ProfileTest.php" line="73" class="Tests\Feature\ProfileTest" classname="Tests.Feature.ProfileTest" assertions="5" time="0.039653"/>
        <testcase name="test_correct_password_must_be_provided_to_delete_account" file="C:\Users\ahmad\Herd\ZenithaLMS\tests\Feature\ProfileTest.php" line="91" class="Tests\Feature\ProfileTest" classname="Tests.Feature.ProfileTest" assertions="5" time="0.043778"/>
      </testsuite>
      <testsuite name="Tests\Feature\RouteCrawlerTest" file="C:\Users\ahmad\Herd\ZenithaLMS\tests\Feature\RouteCrawlerTest.php" tests="5" assertions="17" errors="0" failures="0" skipped="0" time="10.174589">
        <testcase name="test_public_routes_crawl" file="C:\Users\ahmad\Herd\ZenithaLMS\tests\Feature\RouteCrawlerTest.php" line="63" class="Tests\Feature\RouteCrawlerTest" classname="Tests.Feature.RouteCrawlerTest" assertions="1" time="9.458843"/>
        <testcase name="test_authenticated_routes_crawl" file="C:\Users\ahmad\Herd\ZenithaLMS\tests\Feature\RouteCrawlerTest.php" line="112" class="Tests\Feature\RouteCrawlerTest" classname="Tests.Feature.RouteCrawlerTest" assertions="4" time="0.251577"/>
        <testcase name="test_api_routes_crawl" file="C:\Users\ahmad\Herd\ZenithaLMS\tests\Feature\RouteCrawlerTest.php" line="183" class="Tests\Feature\RouteCrawlerTest" classname="Tests.Feature.RouteCrawlerTest" assertions="1" time="0.093600"/>
        <testcase name="test_authentication_flows" file="C:\Users\ahmad\Herd\ZenithaLMS\tests\Feature\RouteCrawlerTest.php" line="252" class="Tests\Feature\RouteCrawlerTest" classname="Tests.Feature.RouteCrawlerTest" assertions="2" time="0.060277"/>
        <testcase name="test_generate_crawl_report" file="C:\Users\ahmad\Herd\ZenithaLMS\tests\Feature\RouteCrawlerTest.php" line="305" class="Tests\Feature\RouteCrawlerTest" classname="Tests.Feature.RouteCrawlerTest" assertions="9" time="0.310292"/>
      </testsuite>
      <testsuite name="Tests\Feature\UploadValidationSecurityTest" file="C:\Users\ahmad\Herd\ZenithaLMS\tests\Feature\UploadValidationSecurityTest.php" tests="4" assertions="14" errors="0" failures="0" skipped="0" time="0.170719">
        <testcase name="test_avatar_oversized_rejected" file="C:\Users\ahmad\Herd\ZenithaLMS\tests\Feature\UploadValidationSecurityTest.php" line="27" class="Tests\Feature\UploadValidationSecurityTest" classname="Tests.Feature.UploadValidationSecurityTest" assertions="4" time="0.046619"/>
        <testcase name="test_avatar_disallowed_extension_rejected" file="C:\Users\ahmad\Herd\ZenithaLMS\tests\Feature\UploadValidationSecurityTest.php" line="49" class="Tests\Feature\UploadValidationSecurityTest" classname="Tests.Feature.UploadValidationSecurityTest" assertions="4" time="0.041325"/>
        <testcase name="test_avatar_mime_mismatch_rejected" file="C:\Users\ahmad\Herd\ZenithaLMS\tests\Feature\UploadValidationSecurityTest.php" line="71" class="Tests\Feature\UploadValidationSecurityTest" classname="Tests.Feature.UploadValidationSecurityTest" assertions="4" time="0.041653"/>
        <testcase name="test_avatar_dangerous_double_extension_rejected" file="C:\Users\ahmad\Herd\ZenithaLMS\tests\Feature\UploadValidationSecurityTest.php" line="93" class="Tests\Feature\UploadValidationSecurityTest" classname="Tests.Feature.UploadValidationSecurityTest" assertions="2" time="0.041123"/>
      </testsuite>
      <testsuite name="Tests\Feature\UploadValidationTest" file="C:\Users\ahmad\Herd\ZenithaLMS\tests\Feature\UploadValidationTest.php" tests="6" assertions="26" errors="0" failures="0" skipped="0" time="0.205482">
        <testcase name="test_avatar_upload_basic_functionality" file="C:\Users\ahmad\Herd\ZenithaLMS\tests\Feature\UploadValidationTest.php" line="23" class="Tests\Feature\UploadValidationTest" classname="Tests.Feature.UploadValidationTest" assertions="2" time="0.048342"/>
        <testcase name="test_ebook_upload_basic_functionality" file="C:\Users\ahmad\Herd\ZenithaLMS\tests\Feature\UploadValidationTest.php" line="36" class="Tests\Feature\UploadValidationTest" classname="Tests.Feature.UploadValidationTest" assertions="1" time="0.037267"/>
        <testcase name="test_media_service_config_structure" file="C:\Users\ahmad\Herd\ZenithaLMS\tests\Feature\UploadValidationTest.php" line="54" class="Tests\Feature\UploadValidationTest" classname="Tests.Feature.UploadValidationTest" assertions="8" time="0.031760"/>
        <testcase name="test_media_service_validation_rules" file="C:\Users\ahmad\Herd\ZenithaLMS\tests\Feature\UploadValidationTest.php" line="70" class="Tests\Feature\UploadValidationTest" classname="Tests.Feature.UploadValidationTest" assertions="5" time="0.029908"/>
        <testcase name="test_media_service_instantiation" file="C:\Users\ahmad\Herd\ZenithaLMS\tests\Feature\UploadValidationTest.php" line="83" class="Tests\Feature\UploadValidationTest" classname="Tests.Feature.UploadValidationTest" assertions="7" time="0.030296"/>
        <testcase name="test_media_service_folder_resolution" file="C:\Users\ahmad\Herd\ZenithaLMS\tests\Feature\UploadValidationTest.php" line="98" class="Tests\Feature\UploadValidationTest" classname="Tests.Feature.UploadValidationTest" assertions="3" time="0.027910"/>
      </testsuite>
      <testsuite name="Tests\Feature\ZenithaLmsApiTest" file="C:\Users\ahmad\Herd\ZenithaLMS\tests\Feature\ZenithaLmsApiTest.php" tests="24" assertions="549" errors="0" failures="0" skipped="0" time="20.263504">
        <testcase name="test_api_health_check" file="C:\Users\ahmad\Herd\ZenithaLMS\tests\Feature\ZenithaLmsApiTest.php" line="81" class="Tests\Feature\ZenithaLmsApiTest" classname="Tests.Feature.ZenithaLmsApiTest" assertions="2" time="0.752145"/>
        <testcase name="test_user_registration" file="C:\Users\ahmad\Herd\ZenithaLMS\tests\Feature\ZenithaLmsApiTest.php" line="95" class="Tests\Feature\ZenithaLmsApiTest" classname="Tests.Feature.ZenithaLmsApiTest" assertions="8" time="0.648208"/>
        <testcase name="test_user_login" file="C:\Users\ahmad\Herd\ZenithaLMS\tests\Feature\ZenithaLmsApiTest.php" line="125" class="Tests\Feature\ZenithaLmsApiTest" classname="Tests.Feature.ZenithaLmsApiTest" assertions="7" time="0.741119"/>
        <testcase name="test_get_courses_list" file="C:\Users\ahmad\Herd\ZenithaLMS\tests\Feature\ZenithaLmsApiTest.php" line="153" class="Tests\Feature\ZenithaLmsApiTest" classname="Tests.Feature.ZenithaLmsApiTest" assertions="124" time="0.727092"/>
        <testcase name="test_get_course_details" file="C:\Users\ahmad\Herd\ZenithaLMS\tests\Feature\ZenithaLmsApiTest.php" line="178" class="Tests\Feature\ZenithaLmsApiTest" classname="Tests.Feature.ZenithaLmsApiTest" assertions="11" time="0.676306"/>
        <testcase name="test_course_enrollment" file="C:\Users\ahmad\Herd\ZenithaLMS\tests\Feature\ZenithaLmsApiTest.php" line="202" class="Tests\Feature\ZenithaLmsApiTest" classname="Tests.Feature.ZenithaLmsApiTest" assertions="2" time="0.688983"/>
        <testcase name="test_get_user_courses" file="C:\Users\ahmad\Herd\ZenithaLMS\tests\Feature\ZenithaLmsApiTest.php" line="230" class="Tests\Feature\ZenithaLmsApiTest" classname="Tests.Feature.ZenithaLmsApiTest" assertions="20" time="0.685462"/>
        <testcase name="test_get_ebooks_list" file="C:\Users\ahmad\Herd\ZenithaLMS\tests\Feature\ZenithaLmsApiTest.php" line="278" class="Tests\Feature\ZenithaLmsApiTest" classname="Tests.Feature.ZenithaLmsApiTest" assertions="4" time="0.771679"/>
        <testcase name="test_get_quizzes_list" file="C:\Users\ahmad\Herd\ZenithaLMS\tests\Feature\ZenithaLmsApiTest.php" line="314" class="Tests\Feature\ZenithaLmsApiTest" classname="Tests.Feature.ZenithaLmsApiTest" assertions="74" time="0.754137"/>
        <testcase name="test_start_quiz" file="C:\Users\ahmad\Herd\ZenithaLMS\tests\Feature\ZenithaLmsApiTest.php" line="338" class="Tests\Feature\ZenithaLmsApiTest" classname="Tests.Feature.ZenithaLmsApiTest" assertions="6" time="0.705020"/>
        <testcase name="test_get_forums_list" file="C:\Users\ahmad\Herd\ZenithaLMS\tests\Feature\ZenithaLmsApiTest.php" line="364" class="Tests\Feature\ZenithaLmsApiTest" classname="Tests.Feature.ZenithaLmsApiTest" assertions="112" time="0.845628"/>
        <testcase name="test_reply_to_forum" file="C:\Users\ahmad\Herd\ZenithaLMS\tests\Feature\ZenithaLmsApiTest.php" line="390" class="Tests\Feature\ZenithaLmsApiTest" classname="Tests.Feature.ZenithaLmsApiTest" assertions="7" time="1.905658">
          <system-out>Response content: {"message":"Reply added successfully","reply":{"forum_id":"1","user_id":259,"content":"Eius dolor totam delectus. Excepturi sed dolorem minus voluptatem reiciendis facilis. Quisquam expedita aliquam et beatae officia quam. Porro deserunt magnam similique rerum et.","updated_at":"2026-02-15T23:33:23.000000Z","created_at":"2026-02-15T23:33:23.000000Z","id":1}}</system-out>
        </testcase>
        <testcase name="test_get_virtual_classes_list" file="C:\Users\ahmad\Herd\ZenithaLMS\tests\Feature\ZenithaLmsApiTest.php" line="422" class="Tests\Feature\ZenithaLmsApiTest" classname="Tests.Feature.ZenithaLmsApiTest" assertions="68" time="0.887723"/>
        <testcase name="test_join_virtual_class" file="C:\Users\ahmad\Herd\ZenithaLMS\tests\Feature\ZenithaLmsApiTest.php" line="447" class="Tests\Feature\ZenithaLmsApiTest" classname="Tests.Feature.ZenithaLmsApiTest" assertions="2" time="0.793570">
          <system-out>Response content: {"message":"Joined class successfully","meeting_link":"https:\/\/zoom.us\/test","meeting_id":"test123","password":null}</system-out>
        </testcase>
        <testcase name="test_get_user_notifications" file="C:\Users\ahmad\Herd\ZenithaLMS\tests\Feature\ZenithaLmsApiTest.php" line="485" class="Tests\Feature\ZenithaLmsApiTest" classname="Tests.Feature.ZenithaLmsApiTest" assertions="17" time="0.934075"/>
        <testcase name="test_mark_notification_as_read" file="C:\Users\ahmad\Herd\ZenithaLMS\tests\Feature\ZenithaLmsApiTest.php" line="512" class="Tests\Feature\ZenithaLmsApiTest" classname="Tests.Feature.ZenithaLmsApiTest" assertions="2" time="1.640473"/>
        <testcase name="test_get_user_wallet" file="C:\Users\ahmad\Herd\ZenithaLMS\tests\Feature\ZenithaLmsApiTest.php" line="548" class="Tests\Feature\ZenithaLmsApiTest" classname="Tests.Feature.ZenithaLmsApiTest" assertions="22" time="0.645436"/>
        <testcase name="test_add_funds_to_wallet" file="C:\Users\ahmad\Herd\ZenithaLMS\tests\Feature\ZenithaLmsApiTest.php" line="593" class="Tests\Feature\ZenithaLmsApiTest" classname="Tests.Feature.ZenithaLmsApiTest" assertions="4" time="0.819284"/>
        <testcase name="test_search_functionality" file="C:\Users\ahmad\Herd\ZenithaLMS\tests\Feature\ZenithaLmsApiTest.php" line="631" class="Tests\Feature\ZenithaLmsApiTest" classname="Tests.Feature.ZenithaLmsApiTest" assertions="5" time="0.769536"/>
        <testcase name="test_get_personalized_recommendations" file="C:\Users\ahmad\Herd\ZenithaLMS\tests\Feature\ZenithaLmsApiTest.php" line="654" class="Tests\Feature\ZenithaLmsApiTest" classname="Tests.Feature.ZenithaLmsApiTest" assertions="33" time="0.885907"/>
        <testcase name="test_admin_dashboard" file="C:\Users\ahmad\Herd\ZenithaLMS\tests\Feature\ZenithaLmsApiTest.php" line="679" class="Tests\Feature\ZenithaLmsApiTest" classname="Tests.Feature.ZenithaLmsApiTest" assertions="9" time="0.799468"/>
        <testcase name="test_instructor_dashboard" file="C:\Users\ahmad\Herd\ZenithaLMS\tests\Feature\ZenithaLmsApiTest.php" line="702" class="Tests\Feature\ZenithaLmsApiTest" classname="Tests.Feature.ZenithaLmsApiTest" assertions="8" time="0.743625"/>
        <testcase name="test_unauthorized_access" file="C:\Users\ahmad\Herd\ZenithaLMS\tests\Feature\ZenithaLmsApiTest.php" line="728" class="Tests\Feature\ZenithaLmsApiTest" classname="Tests.Feature.ZenithaLmsApiTest" assertions="1" time="0.692132"/>
        <testcase name="test_forbidden_access" file="C:\Users\ahmad\Herd\ZenithaLMS\tests\Feature\ZenithaLmsApiTest.php" line="740" class="Tests\Feature\ZenithaLmsApiTest" classname="Tests.Feature.ZenithaLmsApiTest" assertions="1" time="0.750837"/>
      </testsuite>
    </testsuite>
  </testsuite>
</testsuites>
